<?xml version="1.0" encoding="UTF-8"?>
<!-- Generated by org.testng.reporters.JUnitReportReporter -->
<testsuite skipped="0" hostname="Securax-PC" name="com.secutime.app.testcases.login.LoginPageTest" tests="2" failures="0" timestamp="05 Sep 2019 11:45:22 GMT" time="5.469" errors="0">
  <testcase name="loginPageTitleTest" time="0.037" classname="com.secutime.app.testcases.login.LoginPageTest"/>
  <testcase name="loginTest" time="5.432" classname="com.secutime.app.testcases.login.LoginPageTest"/>
</testsuite> <!-- com.secutime.app.testcases.login.LoginPageTest -->
