<?xml version="1.0" encoding="UTF-8"?>
<!-- Generated by org.testng.reporters.JUnitReportReporter -->
<testsuite skipped="0" hostname="Securax-PC" name="com.secutime.app.testcases.login.LoginPageTest" tests="2" failures="0" timestamp="04 Sep 2019 13:41:24 GMT" time="0.352" errors="0">
  <testcase name="loginPageTitleTest" time="0.069" classname="com.secutime.app.testcases.login.LoginPageTest"/>
  <testcase name="loginTest" time="0.283" classname="com.secutime.app.testcases.login.LoginPageTest"/>
</testsuite> <!-- com.secutime.app.testcases.login.LoginPageTest -->
